info it worked if it ends with ok
verbose cli [ '/usr/bin/nodejs', '/usr/bin/npm', 'install' ]
info using npm@1.1.4
info using node@v0.6.19
verbose config file /home/dam/.npmrc
verbose config file /usr/etc/npmrc
verbose config file /usr/share/npm/npmrc
verbose caching /home/dam/www/pomodoro/package.json
verbose loadDefaults pomodoro@0.0.0
verbose readDependencies: using package.json deps
verbose where, deps [ '/home/dam/www/pomodoro',
verbose where, deps   [ 'chai',
verbose where, deps     'sinon',
verbose where, deps     'grunt',
verbose where, deps     'grunt-mocha',
verbose where, deps     'grunt-contrib-jshint',
verbose where, deps     'jshint-stylish',
verbose where, deps     'grunt-contrib-connect',
verbose where, deps     'grunt-casperjs',
verbose where, deps     'grunt-contrib-requirejs',
verbose where, deps     'grunt-contrib-copy',
verbose where, deps     'grunt-rev',
verbose where, deps     'grunt-contrib-concat',
verbose where, deps     'grunt-contrib-clean',
verbose where, deps     'grunt-usemin',
verbose where, deps     'grunt-contrib-htmlmin',
verbose where, deps     'grunt-contrib-cssmin',
verbose where, deps     'grunt-contrib-uglify',
verbose where, deps     'grunt-manifest' ] ]
verbose from cache /home/dam/www/pomodoro/package.json
info preinstall pomodoro@0.0.0
verbose from cache /home/dam/www/pomodoro/package.json
verbose readDependencies: using package.json deps
verbose cache add [ 'chai@~1.8.1', null ]
silly cache add: name, spec, args [ undefined, 'chai@~1.8.1', [ 'chai@~1.8.1', null ] ]
verbose parsed url { pathname: 'chai@~1.8.1',
verbose parsed url   path: 'chai@~1.8.1',
verbose parsed url   href: 'chai@~1.8.1' }
silly cache add: name, spec, args [ 'chai', '~1.8.1', [ 'chai', '~1.8.1' ] ]
verbose parsed url { pathname: '~1.8.1', path: '~1.8.1', href: '~1.8.1' }
verbose addNamed [ 'chai', '~1.8.1' ]
verbose addNamed [ null, '>=1.8.1- <1.9.0-' ]
silly name, range, hasData [ 'chai', '>=1.8.1- <1.9.0-', false ]
verbose raw, before any munging chai
verbose url resolving [ 'https://registry.npmjs.org/', './chai' ]
verbose url resolved https://registry.npmjs.org/chai
http GET https://registry.npmjs.org/chai
verbose cache add [ 'sinon@~1.7.3', null ]
silly cache add: name, spec, args [ undefined, 'sinon@~1.7.3', [ 'sinon@~1.7.3', null ] ]
verbose parsed url { pathname: 'sinon@~1.7.3',
verbose parsed url   path: 'sinon@~1.7.3',
verbose parsed url   href: 'sinon@~1.7.3' }
silly cache add: name, spec, args [ 'sinon', '~1.7.3', [ 'sinon', '~1.7.3' ] ]
verbose parsed url { pathname: '~1.7.3', path: '~1.7.3', href: '~1.7.3' }
verbose addNamed [ 'sinon', '~1.7.3' ]
verbose addNamed [ null, '>=1.7.3- <1.8.0-' ]
silly name, range, hasData [ 'sinon', '>=1.7.3- <1.8.0-', false ]
verbose cache add [ 'grunt@~0.4.2', null ]
silly cache add: name, spec, args [ undefined, 'grunt@~0.4.2', [ 'grunt@~0.4.2', null ] ]
verbose parsed url { pathname: 'grunt@~0.4.2',
verbose parsed url   path: 'grunt@~0.4.2',
verbose parsed url   href: 'grunt@~0.4.2' }
silly cache add: name, spec, args [ 'grunt', '~0.4.2', [ 'grunt', '~0.4.2' ] ]
verbose parsed url { pathname: '~0.4.2', path: '~0.4.2', href: '~0.4.2' }
verbose addNamed [ 'grunt', '~0.4.2' ]
verbose addNamed [ null, '>=0.4.2- <0.5.0-' ]
silly name, range, hasData [ 'grunt', '>=0.4.2- <0.5.0-', false ]
verbose cache add [ 'grunt-mocha@~0.4.7', null ]
silly cache add: name, spec, args [ undefined,
silly cache add: name, spec, args   'grunt-mocha@~0.4.7',
silly cache add: name, spec, args   [ 'grunt-mocha@~0.4.7', null ] ]
verbose parsed url { pathname: 'grunt-mocha@~0.4.7',
verbose parsed url   path: 'grunt-mocha@~0.4.7',
verbose parsed url   href: 'grunt-mocha@~0.4.7' }
silly cache add: name, spec, args [ 'grunt-mocha', '~0.4.7', [ 'grunt-mocha', '~0.4.7' ] ]
verbose parsed url { pathname: '~0.4.7', path: '~0.4.7', href: '~0.4.7' }
verbose addNamed [ 'grunt-mocha', '~0.4.7' ]
verbose addNamed [ null, '>=0.4.7- <0.5.0-' ]
silly name, range, hasData [ 'grunt-mocha', '>=0.4.7- <0.5.0-', false ]
verbose cache add [ 'grunt-contrib-jshint@~0.8.0', null ]
silly cache add: name, spec, args [ undefined,
silly cache add: name, spec, args   'grunt-contrib-jshint@~0.8.0',
silly cache add: name, spec, args   [ 'grunt-contrib-jshint@~0.8.0', null ] ]
verbose parsed url { pathname: 'grunt-contrib-jshint@~0.8.0',
verbose parsed url   path: 'grunt-contrib-jshint@~0.8.0',
verbose parsed url   href: 'grunt-contrib-jshint@~0.8.0' }
silly cache add: name, spec, args [ 'grunt-contrib-jshint',
silly cache add: name, spec, args   '~0.8.0',
silly cache add: name, spec, args   [ 'grunt-contrib-jshint', '~0.8.0' ] ]
verbose parsed url { pathname: '~0.8.0', path: '~0.8.0', href: '~0.8.0' }
verbose addNamed [ 'grunt-contrib-jshint', '~0.8.0' ]
verbose addNamed [ null, '>=0.8.0- <0.9.0-' ]
silly name, range, hasData [ 'grunt-contrib-jshint', '>=0.8.0- <0.9.0-', false ]
verbose cache add [ 'jshint-stylish@~0.1.5', null ]
silly cache add: name, spec, args [ undefined,
silly cache add: name, spec, args   'jshint-stylish@~0.1.5',
silly cache add: name, spec, args   [ 'jshint-stylish@~0.1.5', null ] ]
verbose parsed url { pathname: 'jshint-stylish@~0.1.5',
verbose parsed url   path: 'jshint-stylish@~0.1.5',
verbose parsed url   href: 'jshint-stylish@~0.1.5' }
silly cache add: name, spec, args [ 'jshint-stylish', '~0.1.5', [ 'jshint-stylish', '~0.1.5' ] ]
verbose parsed url { pathname: '~0.1.5', path: '~0.1.5', href: '~0.1.5' }
verbose addNamed [ 'jshint-stylish', '~0.1.5' ]
verbose addNamed [ null, '>=0.1.5- <0.2.0-' ]
silly name, range, hasData [ 'jshint-stylish', '>=0.1.5- <0.2.0-', false ]
verbose cache add [ 'grunt-contrib-connect@~0.6.0', null ]
silly cache add: name, spec, args [ undefined,
silly cache add: name, spec, args   'grunt-contrib-connect@~0.6.0',
silly cache add: name, spec, args   [ 'grunt-contrib-connect@~0.6.0', null ] ]
verbose parsed url { pathname: 'grunt-contrib-connect@~0.6.0',
verbose parsed url   path: 'grunt-contrib-connect@~0.6.0',
verbose parsed url   href: 'grunt-contrib-connect@~0.6.0' }
silly cache add: name, spec, args [ 'grunt-contrib-connect',
silly cache add: name, spec, args   '~0.6.0',
silly cache add: name, spec, args   [ 'grunt-contrib-connect', '~0.6.0' ] ]
verbose parsed url { pathname: '~0.6.0', path: '~0.6.0', href: '~0.6.0' }
verbose addNamed [ 'grunt-contrib-connect', '~0.6.0' ]
verbose addNamed [ null, '>=0.6.0- <0.7.0-' ]
silly name, range, hasData [ 'grunt-contrib-connect', '>=0.6.0- <0.7.0-', false ]
verbose cache add [ 'grunt-casperjs@~1.4.0', null ]
silly cache add: name, spec, args [ undefined,
silly cache add: name, spec, args   'grunt-casperjs@~1.4.0',
silly cache add: name, spec, args   [ 'grunt-casperjs@~1.4.0', null ] ]
verbose parsed url { pathname: 'grunt-casperjs@~1.4.0',
verbose parsed url   path: 'grunt-casperjs@~1.4.0',
verbose parsed url   href: 'grunt-casperjs@~1.4.0' }
silly cache add: name, spec, args [ 'grunt-casperjs', '~1.4.0', [ 'grunt-casperjs', '~1.4.0' ] ]
verbose parsed url { pathname: '~1.4.0', path: '~1.4.0', href: '~1.4.0' }
verbose addNamed [ 'grunt-casperjs', '~1.4.0' ]
verbose addNamed [ null, '>=1.4.0- <1.5.0-' ]
silly name, range, hasData [ 'grunt-casperjs', '>=1.4.0- <1.5.0-', false ]
verbose cache add [ 'grunt-contrib-requirejs@~0.4.1', null ]
silly cache add: name, spec, args [ undefined,
silly cache add: name, spec, args   'grunt-contrib-requirejs@~0.4.1',
silly cache add: name, spec, args   [ 'grunt-contrib-requirejs@~0.4.1', null ] ]
verbose parsed url { pathname: 'grunt-contrib-requirejs@~0.4.1',
verbose parsed url   path: 'grunt-contrib-requirejs@~0.4.1',
verbose parsed url   href: 'grunt-contrib-requirejs@~0.4.1' }
silly cache add: name, spec, args [ 'grunt-contrib-requirejs',
silly cache add: name, spec, args   '~0.4.1',
silly cache add: name, spec, args   [ 'grunt-contrib-requirejs', '~0.4.1' ] ]
verbose parsed url { pathname: '~0.4.1', path: '~0.4.1', href: '~0.4.1' }
verbose addNamed [ 'grunt-contrib-requirejs', '~0.4.1' ]
verbose addNamed [ null, '>=0.4.1- <0.5.0-' ]
silly name, range, hasData [ 'grunt-contrib-requirejs', '>=0.4.1- <0.5.0-', false ]
verbose cache add [ 'grunt-contrib-copy@~0.5.0', null ]
silly cache add: name, spec, args [ undefined,
silly cache add: name, spec, args   'grunt-contrib-copy@~0.5.0',
silly cache add: name, spec, args   [ 'grunt-contrib-copy@~0.5.0', null ] ]
verbose parsed url { pathname: 'grunt-contrib-copy@~0.5.0',
verbose parsed url   path: 'grunt-contrib-copy@~0.5.0',
verbose parsed url   href: 'grunt-contrib-copy@~0.5.0' }
silly cache add: name, spec, args [ 'grunt-contrib-copy',
silly cache add: name, spec, args   '~0.5.0',
silly cache add: name, spec, args   [ 'grunt-contrib-copy', '~0.5.0' ] ]
verbose parsed url { pathname: '~0.5.0', path: '~0.5.0', href: '~0.5.0' }
verbose addNamed [ 'grunt-contrib-copy', '~0.5.0' ]
verbose addNamed [ null, '>=0.5.0- <0.6.0-' ]
silly name, range, hasData [ 'grunt-contrib-copy', '>=0.5.0- <0.6.0-', false ]
verbose cache add [ 'grunt-rev@~0.1.0', null ]
silly cache add: name, spec, args [ undefined, 'grunt-rev@~0.1.0', [ 'grunt-rev@~0.1.0', null ] ]
verbose parsed url { pathname: 'grunt-rev@~0.1.0',
verbose parsed url   path: 'grunt-rev@~0.1.0',
verbose parsed url   href: 'grunt-rev@~0.1.0' }
silly cache add: name, spec, args [ 'grunt-rev', '~0.1.0', [ 'grunt-rev', '~0.1.0' ] ]
verbose parsed url { pathname: '~0.1.0', path: '~0.1.0', href: '~0.1.0' }
verbose addNamed [ 'grunt-rev', '~0.1.0' ]
verbose addNamed [ null, '>=0.1.0- <0.2.0-' ]
silly name, range, hasData [ 'grunt-rev', '>=0.1.0- <0.2.0-', false ]
verbose cache add [ 'grunt-contrib-concat@~0.3.0', null ]
silly cache add: name, spec, args [ undefined,
silly cache add: name, spec, args   'grunt-contrib-concat@~0.3.0',
silly cache add: name, spec, args   [ 'grunt-contrib-concat@~0.3.0', null ] ]
verbose parsed url { pathname: 'grunt-contrib-concat@~0.3.0',
verbose parsed url   path: 'grunt-contrib-concat@~0.3.0',
verbose parsed url   href: 'grunt-contrib-concat@~0.3.0' }
silly cache add: name, spec, args [ 'grunt-contrib-concat',
silly cache add: name, spec, args   '~0.3.0',
silly cache add: name, spec, args   [ 'grunt-contrib-concat', '~0.3.0' ] ]
verbose parsed url { pathname: '~0.3.0', path: '~0.3.0', href: '~0.3.0' }
verbose addNamed [ 'grunt-contrib-concat', '~0.3.0' ]
verbose addNamed [ null, '>=0.3.0- <0.4.0-' ]
silly name, range, hasData [ 'grunt-contrib-concat', '>=0.3.0- <0.4.0-', false ]
verbose cache add [ 'grunt-contrib-clean@~0.5.0', null ]
silly cache add: name, spec, args [ undefined,
silly cache add: name, spec, args   'grunt-contrib-clean@~0.5.0',
silly cache add: name, spec, args   [ 'grunt-contrib-clean@~0.5.0', null ] ]
verbose parsed url { pathname: 'grunt-contrib-clean@~0.5.0',
verbose parsed url   path: 'grunt-contrib-clean@~0.5.0',
verbose parsed url   href: 'grunt-contrib-clean@~0.5.0' }
silly cache add: name, spec, args [ 'grunt-contrib-clean',
silly cache add: name, spec, args   '~0.5.0',
silly cache add: name, spec, args   [ 'grunt-contrib-clean', '~0.5.0' ] ]
verbose parsed url { pathname: '~0.5.0', path: '~0.5.0', href: '~0.5.0' }
verbose addNamed [ 'grunt-contrib-clean', '~0.5.0' ]
verbose addNamed [ null, '>=0.5.0- <0.6.0-' ]
silly name, range, hasData [ 'grunt-contrib-clean', '>=0.5.0- <0.6.0-', false ]
verbose cache add [ 'grunt-usemin@~2.0.2', null ]
silly cache add: name, spec, args [ undefined,
silly cache add: name, spec, args   'grunt-usemin@~2.0.2',
silly cache add: name, spec, args   [ 'grunt-usemin@~2.0.2', null ] ]
verbose parsed url { pathname: 'grunt-usemin@~2.0.2',
verbose parsed url   path: 'grunt-usemin@~2.0.2',
verbose parsed url   href: 'grunt-usemin@~2.0.2' }
silly cache add: name, spec, args [ 'grunt-usemin', '~2.0.2', [ 'grunt-usemin', '~2.0.2' ] ]
verbose parsed url { pathname: '~2.0.2', path: '~2.0.2', href: '~2.0.2' }
verbose addNamed [ 'grunt-usemin', '~2.0.2' ]
verbose addNamed [ null, '>=2.0.2- <2.1.0-' ]
silly name, range, hasData [ 'grunt-usemin', '>=2.0.2- <2.1.0-', false ]
verbose cache add [ 'grunt-contrib-htmlmin@~0.1.3', null ]
silly cache add: name, spec, args [ undefined,
silly cache add: name, spec, args   'grunt-contrib-htmlmin@~0.1.3',
silly cache add: name, spec, args   [ 'grunt-contrib-htmlmin@~0.1.3', null ] ]
verbose parsed url { pathname: 'grunt-contrib-htmlmin@~0.1.3',
verbose parsed url   path: 'grunt-contrib-htmlmin@~0.1.3',
verbose parsed url   href: 'grunt-contrib-htmlmin@~0.1.3' }
silly cache add: name, spec, args [ 'grunt-contrib-htmlmin',
silly cache add: name, spec, args   '~0.1.3',
silly cache add: name, spec, args   [ 'grunt-contrib-htmlmin', '~0.1.3' ] ]
verbose parsed url { pathname: '~0.1.3', path: '~0.1.3', href: '~0.1.3' }
verbose addNamed [ 'grunt-contrib-htmlmin', '~0.1.3' ]
verbose addNamed [ null, '>=0.1.3- <0.2.0-' ]
silly name, range, hasData [ 'grunt-contrib-htmlmin', '>=0.1.3- <0.2.0-', false ]
verbose cache add [ 'grunt-contrib-cssmin@~0.7.0', null ]
silly cache add: name, spec, args [ undefined,
silly cache add: name, spec, args   'grunt-contrib-cssmin@~0.7.0',
silly cache add: name, spec, args   [ 'grunt-contrib-cssmin@~0.7.0', null ] ]
verbose parsed url { pathname: 'grunt-contrib-cssmin@~0.7.0',
verbose parsed url   path: 'grunt-contrib-cssmin@~0.7.0',
verbose parsed url   href: 'grunt-contrib-cssmin@~0.7.0' }
silly cache add: name, spec, args [ 'grunt-contrib-cssmin',
silly cache add: name, spec, args   '~0.7.0',
silly cache add: name, spec, args   [ 'grunt-contrib-cssmin', '~0.7.0' ] ]
verbose parsed url { pathname: '~0.7.0', path: '~0.7.0', href: '~0.7.0' }
verbose addNamed [ 'grunt-contrib-cssmin', '~0.7.0' ]
verbose addNamed [ null, '>=0.7.0- <0.8.0-' ]
silly name, range, hasData [ 'grunt-contrib-cssmin', '>=0.7.0- <0.8.0-', false ]
verbose cache add [ 'grunt-contrib-uglify@~0.2.7', null ]
silly cache add: name, spec, args [ undefined,
silly cache add: name, spec, args   'grunt-contrib-uglify@~0.2.7',
silly cache add: name, spec, args   [ 'grunt-contrib-uglify@~0.2.7', null ] ]
verbose parsed url { pathname: 'grunt-contrib-uglify@~0.2.7',
verbose parsed url   path: 'grunt-contrib-uglify@~0.2.7',
verbose parsed url   href: 'grunt-contrib-uglify@~0.2.7' }
silly cache add: name, spec, args [ 'grunt-contrib-uglify',
silly cache add: name, spec, args   '~0.2.7',
silly cache add: name, spec, args   [ 'grunt-contrib-uglify', '~0.2.7' ] ]
verbose parsed url { pathname: '~0.2.7', path: '~0.2.7', href: '~0.2.7' }
verbose addNamed [ 'grunt-contrib-uglify', '~0.2.7' ]
verbose addNamed [ null, '>=0.2.7- <0.3.0-' ]
silly name, range, hasData [ 'grunt-contrib-uglify', '>=0.2.7- <0.3.0-', false ]
verbose cache add [ 'grunt-manifest@~0.4.0', null ]
silly cache add: name, spec, args [ undefined,
silly cache add: name, spec, args   'grunt-manifest@~0.4.0',
silly cache add: name, spec, args   [ 'grunt-manifest@~0.4.0', null ] ]
verbose parsed url { pathname: 'grunt-manifest@~0.4.0',
verbose parsed url   path: 'grunt-manifest@~0.4.0',
verbose parsed url   href: 'grunt-manifest@~0.4.0' }
silly cache add: name, spec, args [ 'grunt-manifest', '~0.4.0', [ 'grunt-manifest', '~0.4.0' ] ]
verbose parsed url { pathname: '~0.4.0', path: '~0.4.0', href: '~0.4.0' }
verbose addNamed [ 'grunt-manifest', '~0.4.0' ]
verbose addNamed [ null, '>=0.4.0- <0.5.0-' ]
silly name, range, hasData [ 'grunt-manifest', '>=0.4.0- <0.5.0-', false ]
verbose raw, before any munging sinon
verbose url resolving [ 'https://registry.npmjs.org/', './sinon' ]
verbose url resolved https://registry.npmjs.org/sinon
http GET https://registry.npmjs.org/sinon
verbose raw, before any munging grunt
verbose url resolving [ 'https://registry.npmjs.org/', './grunt' ]
verbose url resolved https://registry.npmjs.org/grunt
http GET https://registry.npmjs.org/grunt
verbose raw, before any munging grunt-mocha
verbose url resolving [ 'https://registry.npmjs.org/', './grunt-mocha' ]
verbose url resolved https://registry.npmjs.org/grunt-mocha
http GET https://registry.npmjs.org/grunt-mocha
verbose raw, before any munging grunt-contrib-jshint
verbose url resolving [ 'https://registry.npmjs.org/', './grunt-contrib-jshint' ]
verbose url resolved https://registry.npmjs.org/grunt-contrib-jshint
http GET https://registry.npmjs.org/grunt-contrib-jshint
verbose raw, before any munging jshint-stylish
verbose url resolving [ 'https://registry.npmjs.org/', './jshint-stylish' ]
verbose url resolved https://registry.npmjs.org/jshint-stylish
http GET https://registry.npmjs.org/jshint-stylish
verbose raw, before any munging grunt-contrib-connect
verbose url resolving [ 'https://registry.npmjs.org/', './grunt-contrib-connect' ]
verbose url resolved https://registry.npmjs.org/grunt-contrib-connect
http GET https://registry.npmjs.org/grunt-contrib-connect
verbose raw, before any munging grunt-casperjs
verbose url resolving [ 'https://registry.npmjs.org/', './grunt-casperjs' ]
verbose url resolved https://registry.npmjs.org/grunt-casperjs
http GET https://registry.npmjs.org/grunt-casperjs
verbose raw, before any munging grunt-contrib-requirejs
verbose url resolving [ 'https://registry.npmjs.org/', './grunt-contrib-requirejs' ]
verbose url resolved https://registry.npmjs.org/grunt-contrib-requirejs
http GET https://registry.npmjs.org/grunt-contrib-requirejs
verbose raw, before any munging grunt-contrib-copy
verbose url resolving [ 'https://registry.npmjs.org/', './grunt-contrib-copy' ]
verbose url resolved https://registry.npmjs.org/grunt-contrib-copy
http GET https://registry.npmjs.org/grunt-contrib-copy
verbose raw, before any munging grunt-rev
verbose url resolving [ 'https://registry.npmjs.org/', './grunt-rev' ]
verbose url resolved https://registry.npmjs.org/grunt-rev
http GET https://registry.npmjs.org/grunt-rev
verbose raw, before any munging grunt-contrib-concat
verbose url resolving [ 'https://registry.npmjs.org/', './grunt-contrib-concat' ]
verbose url resolved https://registry.npmjs.org/grunt-contrib-concat
http GET https://registry.npmjs.org/grunt-contrib-concat
verbose raw, before any munging grunt-contrib-clean
verbose url resolving [ 'https://registry.npmjs.org/', './grunt-contrib-clean' ]
verbose url resolved https://registry.npmjs.org/grunt-contrib-clean
http GET https://registry.npmjs.org/grunt-contrib-clean
verbose raw, before any munging grunt-usemin
verbose url resolving [ 'https://registry.npmjs.org/', './grunt-usemin' ]
verbose url resolved https://registry.npmjs.org/grunt-usemin
http GET https://registry.npmjs.org/grunt-usemin
verbose raw, before any munging grunt-contrib-htmlmin
verbose url resolving [ 'https://registry.npmjs.org/', './grunt-contrib-htmlmin' ]
verbose url resolved https://registry.npmjs.org/grunt-contrib-htmlmin
http GET https://registry.npmjs.org/grunt-contrib-htmlmin
verbose raw, before any munging grunt-contrib-cssmin
verbose url resolving [ 'https://registry.npmjs.org/', './grunt-contrib-cssmin' ]
verbose url resolved https://registry.npmjs.org/grunt-contrib-cssmin
http GET https://registry.npmjs.org/grunt-contrib-cssmin
verbose raw, before any munging grunt-contrib-uglify
verbose url resolving [ 'https://registry.npmjs.org/', './grunt-contrib-uglify' ]
verbose url resolved https://registry.npmjs.org/grunt-contrib-uglify
http GET https://registry.npmjs.org/grunt-contrib-uglify
verbose raw, before any munging grunt-manifest
verbose url resolving [ 'https://registry.npmjs.org/', './grunt-manifest' ]
verbose url resolved https://registry.npmjs.org/grunt-manifest
http GET https://registry.npmjs.org/grunt-manifest
ERR! Error: failed to fetch from registry: chai
ERR!     at /usr/share/npm/lib/utils/npm-registry-client/get.js:139:12
ERR!     at cb (/usr/share/npm/lib/utils/npm-registry-client/request.js:31:9)
ERR!     at Request._callback (/usr/share/npm/lib/utils/npm-registry-client/request.js:136:18)
ERR!     at Request.callback (/usr/lib/nodejs/request/main.js:119:22)
ERR!     at Request.<anonymous> (/usr/lib/nodejs/request/main.js:212:58)
ERR!     at Request.emit (events.js:88:20)
ERR!     at ClientRequest.<anonymous> (/usr/lib/nodejs/request/main.js:412:12)
ERR!     at ClientRequest.g (events.js:156:14)
ERR!     at ClientRequest.emit (events.js:67:17)
ERR!     at HTTPParser.parserOnIncomingClient [as onIncoming] (http.js:1256:7)
ERR! You may report this log at:
ERR!     <http://bugs.debian.org/npm>
ERR! or use
ERR!     reportbug --attach /home/dam/www/pomodoro/npm-debug.log npm
ERR! 
ERR! System Linux 3.8.0-35-generic
ERR! command "/usr/bin/nodejs" "/usr/bin/npm" "install"
ERR! cwd /home/dam/www/pomodoro
ERR! node -v v0.6.19
ERR! npm -v 1.1.4
ERR! message failed to fetch from registry: chai
verbose exit [ 1, true ]
